<?xml version="1.0" encoding="UTF-8"?>
<!-- Generated by org.testng.reporters.JUnitXMLReporter -->
<testsuite ignored="0" hostname="Bye-Bye" failures="0" tests="9" name="Default test" time="162.931" errors="0" timestamp="2024-04-08T13:40:30 IST">
  <testcase classname="com.qsp.trello.functional.FunctionalScenario" name="checkWhretherTheUserIsAbleToNavigateHelpPage" time="11.235"/>
  <testcase classname="com.qsp.trello.functional.FunctionalScenario" name="checkWhetherTheUserIsAbleToNavigateShortutsPage" time="6.247"/>
  <testcase classname="com.qsp.trello.functional.FunctionalScenario" name="checkWhetherTheUserIsAbleToNavigateProfilePage" time="6.192"/>
  <testcase classname="com.qsp.trello.functional.FunctionalScenario" name="checkWhetherTheUserIsAbleToNavigateCardsPage" time="6.276"/>
  <testcase classname="com.qsp.trello.functional.FunctionalScenario" name="checkWhetherTheUserIsAbleToNavigateActivityPage" time="6.142"/>
  <testcase classname="com.qsp.trello.functional.FunctionalScenario" name="checkWhetherTheUserIsAbleToNavigateSettingsPage" time="6.871"/>
  <testcase classname="com.qsp.trello.functional.FunctionalScenario" name="checkWhetherTheUserIsAbleToNavigatePricingPage" time="7.755"/>
  <testcase classname="com.qsp.trello.functional.FunctionalScenario" name="checkWhetherTheUserIsAbleToNavigateAppsPage" time="8.564"/>
  <testcase classname="com.qsp.trello.functional.FunctionalScenario" name="checkWhetherTheUserIsAbleToNavigateBlogPage" time="13.74"/>
</testsuite> <!-- Default test -->
