<?xml version="1.0" encoding="UTF-8"?>
<testsuite name="Cucumber" time="27.636" tests="2" skipped="0" failures="0" errors="0">
<testcase classname="Test login fuctionality" name="Check login is successful with valid credentials - Example #1.1" time="18.135">
<system-out><![CDATA[
Given browser is open.......................................................passed
And user is on login page...................................................passed
When user enters mugilanmonish@gmail.com and Qwerty@1.......................passed
And user clicks on login....................................................passed
Then user is navigated to home page.........................................passed
]]></system-out>
</testcase>
<testcase classname="Test login fuctionality" name="Validate google search is working" time="9.11">
<system-out><![CDATA[
Given open browser..........................................................passed
And user is on google search page...........................................passed
When user enters a text in search box.......................................passed
And hits enter..............................................................passed
Then user is navigated to search results....................................passed
]]></system-out>
</testcase>
</testsuite>
